Arguments: 
  C:\Program Files\nodejs\node.exe C:\Users\Forcedev\AppData\Roaming\npm\node_modules\yarn\bin\yarn.js add supertokens-auth-react

PATH: 
  C:\Program Files (x86)\VMware\VMware Workstation\bin\;C:\Program Files\Common Files\Oracle\Java\javapath;C:\Windows\system32;C:\Windows;C:\Windows\System32\Wbem;C:\Windows\System32\WindowsPowerShell\v1.0\;C:\Windows\System32\OpenSSH\;C:\Program Files\Git\cmd;C:\Program Files\Go\bin;C:\Program Files\Java\jdk-19\bin;D:\Java_Toolkit\apache-maven-3.8.6\bin;C:\Users\Forcedev\AppData\Roaming\nvm;C:\Program Files\nodejs;C:\mysql-8.0.30-winx64\bin;C:\Users\Forcedev\AppData\Local\Programs\Python\Python311\Scripts\;C:\Users\Forcedev\AppData\Local\Programs\Python\Python311\;C:\Users\Forcedev\AppData\Local\Microsoft\WindowsApps;C:\Users\Forcedev\go\bin;C:\Windows\SysWOW64;C:\Windows\System32;C:\Users\Forcedev\AppData\Roaming\npm;C:\Users\Forcedev\AppData\Local\Programs\Microsoft VS Code\bin;C:\Program Files\heroku\bin;C:\Users\Forcedev\AppData\Roaming\nvm;C:\Program Files\nodejs;C:\Program Files\JetBrains\IntelliJ IDEA 2019.1.2\bin;

Yarn version: 
  1.22.19

Node version: 
  14.12.0

Platform: 
  win32 x64

Trace: 
  Error: https://registry.yarnpkg.com/@ant-design/icons-svg/-/icons-svg-4.2.1.tgz: ESOCKETTIMEDOUT
      at ClientRequest.<anonymous> (C:\Users\Forcedev\AppData\Roaming\npm\node_modules\yarn\lib\cli.js:141517:19)
      at Object.onceWrapper (events.js:420:28)
      at ClientRequest.emit (events.js:314:20)
      at TLSSocket.emitRequestTimeout (_http_client.js:774:9)
      at Object.onceWrapper (events.js:420:28)
      at TLSSocket.emit (events.js:326:22)
      at TLSSocket.Socket._onTimeout (net.js:482:8)
      at listOnTimeout (internal/timers.js:554:17)
      at processTimers (internal/timers.js:497:7)

npm manifest: 
  {
    "name": "musa-survey",
    "version": "1.2.2",
    "description": "Musa Survey for amatuers",
    "main": "index.js",
    "repository": {
      "type": "git",
      "url": "git+https://github.com/creativetimofficial/argon-dashboard-react.git"
    },
    "keywords": [
      "react",
      "reactjs",
      "argon",
      "argon-react",
      "dashboard",
      "dashboard-react",
      "argon-dashboard",
      "argon-dashboard-react"
    ],
    "author": "Creative Tim",
    "license": "MIT",
    "bugs": {
      "url": "https://github.com/creativetimofficial/argon-dashboard-react/issues"
    },
    "homepage": "https://demos.creative-tim.com/argon-dashboard-react/",
    "scripts": {
      "start": "react-scripts start",
      "build": "react-scripts build",
      "test": "react-scripts test",
      "eject": "react-scripts eject",
      "install:clean": "rm -rf node_modules/ && rm -rf package-lock.json && npm install && npm start",
      "compile:scss": "sass src/assets/scss/argon-dashboard-react.scss src/assets/css/argon-dashboard-react.css",
      "minify:scss": "sass src/assets/scss/argon-dashboard-react.scss src/assets/css/argon-dashboard-react.min.css --style compressed",
      "build:scss": "npm run compile:scss && npm run minify:scss && npm run map:scss"
    },
    "eslintConfig": {
      "extends": "react-app"
    },
    "browserslist": [
      ">0.2%",
      "not dead",
      "not ie <= 11",
      "not op_mini all"
    ],
    "dependencies": {
      "@babel/core": "^7.20.12",
      "@babel/preset-env": "^7.20.2",
      "@faker-js/faker": "^7.6.0",
      "@fortawesome/fontawesome-free": "5.15.3",
      "antd": "^5.1.5",
      "axios": "^1.2.3",
      "bootstrap": "4.6.0",
      "chart.js": "2.9.4",
      "classnames": "2.3.1",
      "dayjs": "^1.11.7",
      "faker": "^6.6.6",
      "moment": "2.29.4",
      "nouislider": "15.2.0",
      "react": "18.2.0",
      "react-chartjs-2": "2.11.1",
      "react-copy-to-clipboard": "5.1.0",
      "react-datetime": "3.1.1",
      "react-dom": "18.2.0",
      "react-router-dom": "^5.2.0",
      "react-script-tag": "^1.1.2",
      "react-scripts": "^5.0.1",
      "reactstrap": "8.9.0",
      "sass": "1.54.5"
    },
    "devDependencies": {
      "gulp": "4.0.2",
      "gulp-append-prepend": "1.0.9"
    },
    "peerDependencies": {
      "react": ">=16.0.0",
      "react-dom": ">=16.0.0"
    },
    "optionalDependencies": {
      "eslint-plugin-flowtype": "8.0.3",
      "jquery": "3.6.0",
      "typescript": "4.8.2"
    }
  }

yarn manifest: 
  No manifest

Lockfile: 
  No lockfile
