[debug] [2023-02-07T07:32:53.718Z] ----------------------------------------------------------------------
[debug] [2023-02-07T07:32:53.720Z] Command:       C:\Program Files\nodejs\node.exe C:\Program Files\nodejs\node_modules\firebase-tools\lib\bin\firebase.js init firestore
[debug] [2023-02-07T07:32:53.721Z] CLI Version:   11.19.0
[debug] [2023-02-07T07:32:53.721Z] Platform:      win32
[debug] [2023-02-07T07:32:53.721Z] Node Version:  v14.20.1
[debug] [2023-02-07T07:32:53.722Z] Time:          Tue Feb 07 2023 02:32:53 GMT-0500 (Eastern Standard Time)
[debug] [2023-02-07T07:32:53.722Z] ----------------------------------------------------------------------
[debug] 
[debug] [2023-02-07T07:32:53.730Z] > command requires scopes: ["email","openid","https://www.googleapis.com/auth/cloudplatformprojects.readonly","https://www.googleapis.com/auth/firebase","https://www.googleapis.com/auth/cloud-platform"]
[debug] [2023-02-07T07:32:53.730Z] > authorizing via signed-in user (daniel.j.hahn1105@gmail.com)
[info] 
     ######## #### ########  ######## ########     ###     ######  ########
     ##        ##  ##     ## ##       ##     ##  ##   ##  ##       ##
     ######    ##  ########  ######   ########  #########  ######  ######
     ##        ##  ##    ##  ##       ##     ## ##     ##       ## ##
     ##       #### ##     ## ######## ########  ##     ##  ######  ########

You're about to initialize a Firebase project in this directory:

  E:\working\musa-servey\backend

[info] 
=== Project Setup
[info] 
[info] First, let's associate this project directory with a Firebase project.
[info] You can create multiple project aliases by running firebase use --add, 
[info] but for now we'll just set up a default project.
[info] 
[debug] [2023-02-07T07:33:35.304Z] > refreshing access token with scopes: []
[debug] [2023-02-07T07:33:35.306Z] >>> [apiv2][query] POST https://www.googleapis.com/oauth2/v3/token [none]
[debug] [2023-02-07T07:33:35.306Z] >>> [apiv2][body] POST https://www.googleapis.com/oauth2/v3/token [omitted]
[debug] [2023-02-07T07:33:36.247Z] <<< [apiv2][status] POST https://www.googleapis.com/oauth2/v3/token 200
[debug] [2023-02-07T07:33:36.247Z] <<< [apiv2][body] POST https://www.googleapis.com/oauth2/v3/token [omitted]
[debug] [2023-02-07T07:33:36.283Z] >>> [apiv2][query] GET https://firebase.googleapis.com/v1beta1/projects pageSize=100
[debug] [2023-02-07T07:33:37.349Z] <<< [apiv2][status] GET https://firebase.googleapis.com/v1beta1/projects 200
[debug] [2023-02-07T07:33:37.349Z] <<< [apiv2][body] GET https://firebase.googleapis.com/v1beta1/projects [omitted]
